[2021-07-18CST12:36:52.469347+00:00] default.ERROR: TypeError: Return value of Raylin666\Router\Route::getCallback() must be an instance of Closure or null, string returned in /Users/linshan/Web/www/me.composer/rnc/vendor/raylin666/routing/src/Route.php:90
Stack trace:
#0 /Users/linshan/Web/www/me.composer/rnc/vendor/raylin666/routing/src/RouteMiddleware.php(48): Raylin666\Router\Route->getCallback()
#1 /Users/linshan/Web/www/me.composer/rnc/vendor/raylin666/middleware/src/Dispatcher.php(87): Raylin666\Router\RouteMiddleware->handler(Object(Raylin666\Http\Request), Object(Raylin666\Middleware\Delegate))
#2 [internal function]: Raylin666\Middleware\Dispatcher->Raylin666\Middleware\{closure}(Object(Raylin666\Http\Request))
#3 /Users/linshan/Web/www/me.composer/rnc/vendor/raylin666/middleware/src/Delegate.php(47): call_user_func(Object(Closure), Object(Raylin666\Http\Request))
#4 /Users/linshan/Web/www/me.composer/rnc/vendor/raylin666/middleware/src/Dispatcher.php(66): Raylin666\Middleware\Delegate->process(Object(Raylin666\Http\Request))
#5 /Users/linshan/Web/www/me.composer/rnc/vendor/raylin666/routing/src/RouteDispatcher.php(148): Raylin666\Middleware\Dispatcher->dispatch(Object(Raylin666\Http\Request))
#6 /Users/linshan/Web/www/me.composer/rnc/vendor/raylin666/routing/src/RouteDispatcher.php(106): Raylin666\Router\RouteDispatcher->callMiddleware(Object(Raylin666\Router\Route), Object(Raylin666\Http\Request))
#7 /Users/linshan/Web/www/me.composer/framework/src/Application.php(247): Raylin666\Router\RouteDispatcher->dispatch(Object(Raylin666\Http\Request))
#8 /Users/linshan/Web/www/me.composer/rnc/app/EventCallback/OnRequest.php(32): Raylin666\Framework\Application->handlerRequest(Object(Raylin666\Http\Request))
#9 /Users/linshan/Web/www/me.composer/rnc/vendor/raylin666/server/src/Callbacks/Callback.php(61): App\EventCallback\OnRequest->OnRequest(Object(Swoole\Http\Request), Object(Swoole\Http\Response))
#10 [internal function]: Raylin666\Server\Callbacks\Callback->Raylin666\Server\Callbacks\{closure}(Object(Swoole\Http\Request), Object(Swoole\Http\Response))
#11 /Users/linshan/Web/www/me.composer/rnc/vendor/raylin666/server/src/Server.php(287): call_user_func(Object(Closure), Object(Swoole\Http\Request), Object(Swoole\Http\Response))
#12 {main} {"message":"TypeError: Return value of Raylin666\\Router\\Route::getCallback() must be an instance of Closure or null, string returned in /Users/linshan/Web/www/me.composer/rnc/vendor/raylin666/routing/src/Route.php:90
Stack trace:
#0 /Users/linshan/Web/www/me.composer/rnc/vendor/raylin666/routing/src/RouteMiddleware.php(48): Raylin666\\Router\\Route->getCallback()
#1 /Users/linshan/Web/www/me.composer/rnc/vendor/raylin666/middleware/src/Dispatcher.php(87): Raylin666\\Router\\RouteMiddleware->handler(Object(Raylin666\\Http\\Request), Object(Raylin666\\Middleware\\Delegate))
#2 [internal function]: Raylin666\\Middleware\\Dispatcher->Raylin666\\Middleware\\{closure}(Object(Raylin666\\Http\\Request))
#3 /Users/linshan/Web/www/me.composer/rnc/vendor/raylin666/middleware/src/Delegate.php(47): call_user_func(Object(Closure), Object(Raylin666\\Http\\Request))
#4 /Users/linshan/Web/www/me.composer/rnc/vendor/raylin666/middleware/src/Dispatcher.php(66): Raylin666\\Middleware\\Delegate->process(Object(Raylin666\\Http\\Request))
#5 /Users/linshan/Web/www/me.composer/rnc/vendor/raylin666/routing/src/RouteDispatcher.php(148): Raylin666\\Middleware\\Dispatcher->dispatch(Object(Raylin666\\Http\\Request))
#6 /Users/linshan/Web/www/me.composer/rnc/vendor/raylin666/routing/src/RouteDispatcher.php(106): Raylin666\\Router\\RouteDispatcher->callMiddleware(Object(Raylin666\\Router\\Route), Object(Raylin666\\Http\\Request))
#7 /Users/linshan/Web/www/me.composer/framework/src/Application.php(247): Raylin666\\Router\\RouteDispatcher->dispatch(Object(Raylin666\\Http\\Request))
#8 /Users/linshan/Web/www/me.composer/rnc/app/EventCallback/OnRequest.php(32): Raylin666\\Framework\\Application->handlerRequest(Object(Raylin666\\Http\\Request))
#9 /Users/linshan/Web/www/me.composer/rnc/vendor/raylin666/server/src/Callbacks/Callback.php(61): App\\EventCallback\\OnRequest->OnRequest(Object(Swoole\\Http\\Request), Object(Swoole\\Http\\Response))
#10 [internal function]: Raylin666\\Server\\Callbacks\\Callback->Raylin666\\Server\\Callbacks\\{closure}(Object(Swoole\\Http\\Request), Object(Swoole\\Http\\Response))
#11 /Users/linshan/Web/www/me.composer/rnc/vendor/raylin666/server/src/Server.php(287): call_user_func(Object(Closure), Object(Swoole\\Http\\Request), Object(Swoole\\Http\\Response))
#12 {main}","code":0,"file":"/Users/linshan/Web/www/me.composer/framework/src/Application.php","line":255,"trace":["#0 /Users/linshan/Web/www/me.composer/rnc/app/EventCallback/OnRequest.php(32): Raylin666\\Framework\\Application->handlerRequest(Object(Raylin666\\Http\\Request))","#1 /Users/linshan/Web/www/me.composer/rnc/vendor/raylin666/server/src/Callbacks/Callback.php(61): App\\EventCallback\\OnRequest->OnRequest(Object(Swoole\\Http\\Request), Object(Swoole\\Http\\Response))","#2 [internal function]: Raylin666\\Server\\Callbacks\\Callback->Raylin666\\Server\\Callbacks\\{closure}(Object(Swoole\\Http\\Request), Object(Swoole\\Http\\Response))","#3 /Users/linshan/Web/www/me.composer/rnc/vendor/raylin666/server/src/Server.php(287): call_user_func(Object(Closure), Object(Swoole\\Http\\Request), Object(Swoole\\Http\\Response))","#4 {main}"]} []
[2021-07-18CST12:44:55.940097+00:00] default.ERROR: TypeError: Return value of Raylin666\Router\Route::getCallback() must be an instance of Closure or null, string returned in /Users/linshan/Web/www/me.composer/rnc/vendor/raylin666/routing/src/Route.php:90
Stack trace:
#0 /Users/linshan/Web/www/me.composer/rnc/vendor/raylin666/routing/src/RouteMiddleware.php(48): Raylin666\Router\Route->getCallback()
#1 /Users/linshan/Web/www/me.composer/rnc/vendor/raylin666/middleware/src/Dispatcher.php(87): Raylin666\Router\RouteMiddleware->handler(Object(Raylin666\Http\Request), Object(Raylin666\Middleware\Delegate))
#2 [internal function]: Raylin666\Middleware\Dispatcher->Raylin666\Middleware\{closure}(Object(Raylin666\Http\Request))
#3 /Users/linshan/Web/www/me.composer/rnc/vendor/raylin666/middleware/src/Delegate.php(47): call_user_func(Object(Closure), Object(Raylin666\Http\Request))
#4 /Users/linshan/Web/www/me.composer/rnc/vendor/raylin666/middleware/src/Dispatcher.php(66): Raylin666\Middleware\Delegate->process(Object(Raylin666\Http\Request))
#5 /Users/linshan/Web/www/me.composer/rnc/vendor/raylin666/routing/src/RouteDispatcher.php(148): Raylin666\Middleware\Dispatcher->dispatch(Object(Raylin666\Http\Request))
#6 /Users/linshan/Web/www/me.composer/rnc/vendor/raylin666/routing/src/RouteDispatcher.php(106): Raylin666\Router\RouteDispatcher->callMiddleware(Object(Raylin666\Router\Route), Object(Raylin666\Http\Request))
#7 /Users/linshan/Web/www/me.composer/framework/src/Application.php(247): Raylin666\Router\RouteDispatcher->dispatch(Object(Raylin666\Http\Request))
#8 /Users/linshan/Web/www/me.composer/rnc/app/EventCallback/OnRequest.php(32): Raylin666\Framework\Application->handlerRequest(Object(Raylin666\Http\Request))
#9 /Users/linshan/Web/www/me.composer/rnc/vendor/raylin666/server/src/Callbacks/Callback.php(61): App\EventCallback\OnRequest->OnRequest(Object(Swoole\Http\Request), Object(Swoole\Http\Response))
#10 [internal function]: Raylin666\Server\Callbacks\Callback->Raylin666\Server\Callbacks\{closure}(Object(Swoole\Http\Request), Object(Swoole\Http\Response))
#11 /Users/linshan/Web/www/me.composer/rnc/vendor/raylin666/server/src/Server.php(287): call_user_func(Object(Closure), Object(Swoole\Http\Request), Object(Swoole\Http\Response))
#12 {main} {"message":"TypeError: Return value of Raylin666\\Router\\Route::getCallback() must be an instance of Closure or null, string returned in /Users/linshan/Web/www/me.composer/rnc/vendor/raylin666/routing/src/Route.php:90
Stack trace:
#0 /Users/linshan/Web/www/me.composer/rnc/vendor/raylin666/routing/src/RouteMiddleware.php(48): Raylin666\\Router\\Route->getCallback()
#1 /Users/linshan/Web/www/me.composer/rnc/vendor/raylin666/middleware/src/Dispatcher.php(87): Raylin666\\Router\\RouteMiddleware->handler(Object(Raylin666\\Http\\Request), Object(Raylin666\\Middleware\\Delegate))
#2 [internal function]: Raylin666\\Middleware\\Dispatcher->Raylin666\\Middleware\\{closure}(Object(Raylin666\\Http\\Request))
#3 /Users/linshan/Web/www/me.composer/rnc/vendor/raylin666/middleware/src/Delegate.php(47): call_user_func(Object(Closure), Object(Raylin666\\Http\\Request))
#4 /Users/linshan/Web/www/me.composer/rnc/vendor/raylin666/middleware/src/Dispatcher.php(66): Raylin666\\Middleware\\Delegate->process(Object(Raylin666\\Http\\Request))
#5 /Users/linshan/Web/www/me.composer/rnc/vendor/raylin666/routing/src/RouteDispatcher.php(148): Raylin666\\Middleware\\Dispatcher->dispatch(Object(Raylin666\\Http\\Request))
#6 /Users/linshan/Web/www/me.composer/rnc/vendor/raylin666/routing/src/RouteDispatcher.php(106): Raylin666\\Router\\RouteDispatcher->callMiddleware(Object(Raylin666\\Router\\Route), Object(Raylin666\\Http\\Request))
#7 /Users/linshan/Web/www/me.composer/framework/src/Application.php(247): Raylin666\\Router\\RouteDispatcher->dispatch(Object(Raylin666\\Http\\Request))
#8 /Users/linshan/Web/www/me.composer/rnc/app/EventCallback/OnRequest.php(32): Raylin666\\Framework\\Application->handlerRequest(Object(Raylin666\\Http\\Request))
#9 /Users/linshan/Web/www/me.composer/rnc/vendor/raylin666/server/src/Callbacks/Callback.php(61): App\\EventCallback\\OnRequest->OnRequest(Object(Swoole\\Http\\Request), Object(Swoole\\Http\\Response))
#10 [internal function]: Raylin666\\Server\\Callbacks\\Callback->Raylin666\\Server\\Callbacks\\{closure}(Object(Swoole\\Http\\Request), Object(Swoole\\Http\\Response))
#11 /Users/linshan/Web/www/me.composer/rnc/vendor/raylin666/server/src/Server.php(287): call_user_func(Object(Closure), Object(Swoole\\Http\\Request), Object(Swoole\\Http\\Response))
#12 {main}","code":0,"file":"/Users/linshan/Web/www/me.composer/framework/src/Application.php","line":255,"trace":["#0 /Users/linshan/Web/www/me.composer/rnc/app/EventCallback/OnRequest.php(32): Raylin666\\Framework\\Application->handlerRequest(Object(Raylin666\\Http\\Request))","#1 /Users/linshan/Web/www/me.composer/rnc/vendor/raylin666/server/src/Callbacks/Callback.php(61): App\\EventCallback\\OnRequest->OnRequest(Object(Swoole\\Http\\Request), Object(Swoole\\Http\\Response))","#2 [internal function]: Raylin666\\Server\\Callbacks\\Callback->Raylin666\\Server\\Callbacks\\{closure}(Object(Swoole\\Http\\Request), Object(Swoole\\Http\\Response))","#3 /Users/linshan/Web/www/me.composer/rnc/vendor/raylin666/server/src/Server.php(287): call_user_func(Object(Closure), Object(Swoole\\Http\\Request), Object(Swoole\\Http\\Response))","#4 {main}"]} []
[2021-07-18CST12:47:32.833712+00:00] default.ERROR: TypeError: Return value of Raylin666\Router\Route::getCallback() must be an instance of Closure or null, string returned in /Users/linshan/Web/www/me.composer/rnc/vendor/raylin666/routing/src/Route.php:90
Stack trace:
#0 /Users/linshan/Web/www/me.composer/rnc/vendor/raylin666/routing/src/RouteMiddleware.php(48): Raylin666\Router\Route->getCallback()
#1 /Users/linshan/Web/www/me.composer/rnc/vendor/raylin666/middleware/src/Dispatcher.php(87): Raylin666\Router\RouteMiddleware->handler(Object(Raylin666\Http\Request), Object(Raylin666\Middleware\Delegate))
#2 [internal function]: Raylin666\Middleware\Dispatcher->Raylin666\Middleware\{closure}(Object(Raylin666\Http\Request))
#3 /Users/linshan/Web/www/me.composer/rnc/vendor/raylin666/middleware/src/Delegate.php(47): call_user_func(Object(Closure), Object(Raylin666\Http\Request))
#4 /Users/linshan/Web/www/me.composer/rnc/vendor/raylin666/middleware/src/Dispatcher.php(66): Raylin666\Middleware\Delegate->process(Object(Raylin666\Http\Request))
#5 /Users/linshan/Web/www/me.composer/rnc/vendor/raylin666/routing/src/RouteDispatcher.php(148): Raylin666\Middleware\Dispatcher->dispatch(Object(Raylin666\Http\Request))
#6 /Users/linshan/Web/www/me.composer/rnc/vendor/raylin666/routing/src/RouteDispatcher.php(106): Raylin666\Router\RouteDispatcher->callMiddleware(Object(Raylin666\Router\Route), Object(Raylin666\Http\Request))
#7 /Users/linshan/Web/www/me.composer/framework/src/Application.php(247): Raylin666\Router\RouteDispatcher->dispatch(Object(Raylin666\Http\Request))
#8 /Users/linshan/Web/www/me.composer/rnc/app/EventCallback/OnRequest.php(32): Raylin666\Framework\Application->handlerRequest(Object(Raylin666\Http\Request))
#9 /Users/linshan/Web/www/me.composer/rnc/vendor/raylin666/server/src/Callbacks/Callback.php(61): App\EventCallback\OnRequest->OnRequest(Object(Swoole\Http\Request), Object(Swoole\Http\Response))
#10 [internal function]: Raylin666\Server\Callbacks\Callback->Raylin666\Server\Callbacks\{closure}(Object(Swoole\Http\Request), Object(Swoole\Http\Response))
#11 /Users/linshan/Web/www/me.composer/rnc/vendor/raylin666/server/src/Server.php(287): call_user_func(Object(Closure), Object(Swoole\Http\Request), Object(Swoole\Http\Response))
#12 {main} {"message":"TypeError: Return value of Raylin666\\Router\\Route::getCallback() must be an instance of Closure or null, string returned in /Users/linshan/Web/www/me.composer/rnc/vendor/raylin666/routing/src/Route.php:90
Stack trace:
#0 /Users/linshan/Web/www/me.composer/rnc/vendor/raylin666/routing/src/RouteMiddleware.php(48): Raylin666\\Router\\Route->getCallback()
#1 /Users/linshan/Web/www/me.composer/rnc/vendor/raylin666/middleware/src/Dispatcher.php(87): Raylin666\\Router\\RouteMiddleware->handler(Object(Raylin666\\Http\\Request), Object(Raylin666\\Middleware\\Delegate))
#2 [internal function]: Raylin666\\Middleware\\Dispatcher->Raylin666\\Middleware\\{closure}(Object(Raylin666\\Http\\Request))
#3 /Users/linshan/Web/www/me.composer/rnc/vendor/raylin666/middleware/src/Delegate.php(47): call_user_func(Object(Closure), Object(Raylin666\\Http\\Request))
#4 /Users/linshan/Web/www/me.composer/rnc/vendor/raylin666/middleware/src/Dispatcher.php(66): Raylin666\\Middleware\\Delegate->process(Object(Raylin666\\Http\\Request))
#5 /Users/linshan/Web/www/me.composer/rnc/vendor/raylin666/routing/src/RouteDispatcher.php(148): Raylin666\\Middleware\\Dispatcher->dispatch(Object(Raylin666\\Http\\Request))
#6 /Users/linshan/Web/www/me.composer/rnc/vendor/raylin666/routing/src/RouteDispatcher.php(106): Raylin666\\Router\\RouteDispatcher->callMiddleware(Object(Raylin666\\Router\\Route), Object(Raylin666\\Http\\Request))
#7 /Users/linshan/Web/www/me.composer/framework/src/Application.php(247): Raylin666\\Router\\RouteDispatcher->dispatch(Object(Raylin666\\Http\\Request))
#8 /Users/linshan/Web/www/me.composer/rnc/app/EventCallback/OnRequest.php(32): Raylin666\\Framework\\Application->handlerRequest(Object(Raylin666\\Http\\Request))
#9 /Users/linshan/Web/www/me.composer/rnc/vendor/raylin666/server/src/Callbacks/Callback.php(61): App\\EventCallback\\OnRequest->OnRequest(Object(Swoole\\Http\\Request), Object(Swoole\\Http\\Response))
#10 [internal function]: Raylin666\\Server\\Callbacks\\Callback->Raylin666\\Server\\Callbacks\\{closure}(Object(Swoole\\Http\\Request), Object(Swoole\\Http\\Response))
#11 /Users/linshan/Web/www/me.composer/rnc/vendor/raylin666/server/src/Server.php(287): call_user_func(Object(Closure), Object(Swoole\\Http\\Request), Object(Swoole\\Http\\Response))
#12 {main}","code":0,"file":"/Users/linshan/Web/www/me.composer/framework/src/Application.php","line":255,"trace":["#0 /Users/linshan/Web/www/me.composer/rnc/app/EventCallback/OnRequest.php(32): Raylin666\\Framework\\Application->handlerRequest(Object(Raylin666\\Http\\Request))","#1 /Users/linshan/Web/www/me.composer/rnc/vendor/raylin666/server/src/Callbacks/Callback.php(61): App\\EventCallback\\OnRequest->OnRequest(Object(Swoole\\Http\\Request), Object(Swoole\\Http\\Response))","#2 [internal function]: Raylin666\\Server\\Callbacks\\Callback->Raylin666\\Server\\Callbacks\\{closure}(Object(Swoole\\Http\\Request), Object(Swoole\\Http\\Response))","#3 /Users/linshan/Web/www/me.composer/rnc/vendor/raylin666/server/src/Server.php(287): call_user_func(Object(Closure), Object(Swoole\\Http\\Request), Object(Swoole\\Http\\Response))","#4 {main}"]} []
[2021-07-18CST12:49:54.111736+00:00] default.ERROR: TypeError: Return value of Raylin666\Router\Route::getCallback() must be an instance of Closure or null, string returned in /Users/linshan/Web/www/me.composer/rnc/vendor/raylin666/routing/src/Route.php:90
Stack trace:
#0 /Users/linshan/Web/www/me.composer/rnc/vendor/raylin666/routing/src/RouteMiddleware.php(48): Raylin666\Router\Route->getCallback()
#1 /Users/linshan/Web/www/me.composer/rnc/vendor/raylin666/middleware/src/Dispatcher.php(87): Raylin666\Router\RouteMiddleware->handler(Object(Raylin666\Http\Request), Object(Raylin666\Middleware\Delegate))
#2 [internal function]: Raylin666\Middleware\Dispatcher->Raylin666\Middleware\{closure}(Object(Raylin666\Http\Request))
#3 /Users/linshan/Web/www/me.composer/rnc/vendor/raylin666/middleware/src/Delegate.php(47): call_user_func(Object(Closure), Object(Raylin666\Http\Request))
#4 /Users/linshan/Web/www/me.composer/rnc/vendor/raylin666/middleware/src/Dispatcher.php(66): Raylin666\Middleware\Delegate->process(Object(Raylin666\Http\Request))
#5 /Users/linshan/Web/www/me.composer/rnc/vendor/raylin666/routing/src/RouteDispatcher.php(148): Raylin666\Middleware\Dispatcher->dispatch(Object(Raylin666\Http\Request))
#6 /Users/linshan/Web/www/me.composer/rnc/vendor/raylin666/routing/src/RouteDispatcher.php(106): Raylin666\Router\RouteDispatcher->callMiddleware(Object(Raylin666\Router\Route), Object(Raylin666\Http\Request))
#7 /Users/linshan/Web/www/me.composer/framework/src/Application.php(247): Raylin666\Router\RouteDispatcher->dispatch(Object(Raylin666\Http\Request))
#8 /Users/linshan/Web/www/me.composer/rnc/app/EventCallback/OnRequest.php(32): Raylin666\Framework\Application->handlerRequest(Object(Raylin666\Http\Request))
#9 /Users/linshan/Web/www/me.composer/rnc/vendor/raylin666/server/src/Callbacks/Callback.php(61): App\EventCallback\OnRequest->OnRequest(Object(Swoole\Http\Request), Object(Swoole\Http\Response))
#10 [internal function]: Raylin666\Server\Callbacks\Callback->Raylin666\Server\Callbacks\{closure}(Object(Swoole\Http\Request), Object(Swoole\Http\Response))
#11 /Users/linshan/Web/www/me.composer/rnc/vendor/raylin666/server/src/Server.php(287): call_user_func(Object(Closure), Object(Swoole\Http\Request), Object(Swoole\Http\Response))
#12 {main} {"message":"TypeError: Return value of Raylin666\\Router\\Route::getCallback() must be an instance of Closure or null, string returned in /Users/linshan/Web/www/me.composer/rnc/vendor/raylin666/routing/src/Route.php:90
Stack trace:
#0 /Users/linshan/Web/www/me.composer/rnc/vendor/raylin666/routing/src/RouteMiddleware.php(48): Raylin666\\Router\\Route->getCallback()
#1 /Users/linshan/Web/www/me.composer/rnc/vendor/raylin666/middleware/src/Dispatcher.php(87): Raylin666\\Router\\RouteMiddleware->handler(Object(Raylin666\\Http\\Request), Object(Raylin666\\Middleware\\Delegate))
#2 [internal function]: Raylin666\\Middleware\\Dispatcher->Raylin666\\Middleware\\{closure}(Object(Raylin666\\Http\\Request))
#3 /Users/linshan/Web/www/me.composer/rnc/vendor/raylin666/middleware/src/Delegate.php(47): call_user_func(Object(Closure), Object(Raylin666\\Http\\Request))
#4 /Users/linshan/Web/www/me.composer/rnc/vendor/raylin666/middleware/src/Dispatcher.php(66): Raylin666\\Middleware\\Delegate->process(Object(Raylin666\\Http\\Request))
#5 /Users/linshan/Web/www/me.composer/rnc/vendor/raylin666/routing/src/RouteDispatcher.php(148): Raylin666\\Middleware\\Dispatcher->dispatch(Object(Raylin666\\Http\\Request))
#6 /Users/linshan/Web/www/me.composer/rnc/vendor/raylin666/routing/src/RouteDispatcher.php(106): Raylin666\\Router\\RouteDispatcher->callMiddleware(Object(Raylin666\\Router\\Route), Object(Raylin666\\Http\\Request))
#7 /Users/linshan/Web/www/me.composer/framework/src/Application.php(247): Raylin666\\Router\\RouteDispatcher->dispatch(Object(Raylin666\\Http\\Request))
#8 /Users/linshan/Web/www/me.composer/rnc/app/EventCallback/OnRequest.php(32): Raylin666\\Framework\\Application->handlerRequest(Object(Raylin666\\Http\\Request))
#9 /Users/linshan/Web/www/me.composer/rnc/vendor/raylin666/server/src/Callbacks/Callback.php(61): App\\EventCallback\\OnRequest->OnRequest(Object(Swoole\\Http\\Request), Object(Swoole\\Http\\Response))
#10 [internal function]: Raylin666\\Server\\Callbacks\\Callback->Raylin666\\Server\\Callbacks\\{closure}(Object(Swoole\\Http\\Request), Object(Swoole\\Http\\Response))
#11 /Users/linshan/Web/www/me.composer/rnc/vendor/raylin666/server/src/Server.php(287): call_user_func(Object(Closure), Object(Swoole\\Http\\Request), Object(Swoole\\Http\\Response))
#12 {main}","code":0,"file":"/Users/linshan/Web/www/me.composer/framework/src/Application.php","line":255,"trace":["#0 /Users/linshan/Web/www/me.composer/rnc/app/EventCallback/OnRequest.php(32): Raylin666\\Framework\\Application->handlerRequest(Object(Raylin666\\Http\\Request))","#1 /Users/linshan/Web/www/me.composer/rnc/vendor/raylin666/server/src/Callbacks/Callback.php(61): App\\EventCallback\\OnRequest->OnRequest(Object(Swoole\\Http\\Request), Object(Swoole\\Http\\Response))","#2 [internal function]: Raylin666\\Server\\Callbacks\\Callback->Raylin666\\Server\\Callbacks\\{closure}(Object(Swoole\\Http\\Request), Object(Swoole\\Http\\Response))","#3 /Users/linshan/Web/www/me.composer/rnc/vendor/raylin666/server/src/Server.php(287): call_user_func(Object(Closure), Object(Swoole\\Http\\Request), Object(Swoole\\Http\\Response))","#4 {main}"]} []
[2021-07-18CST12:49:54.111736+00:00] default.ERROR: TypeError: Return value of Raylin666\Router\Route::getCallback() must be an instance of Closure or null, string returned in /Users/linshan/Web/www/me.composer/rnc/vendor/raylin666/routing/src/Route.php:90
Stack trace:
#0 /Users/linshan/Web/www/me.composer/rnc/vendor/raylin666/routing/src/RouteMiddleware.php(48): Raylin666\Router\Route->getCallback()
#1 /Users/linshan/Web/www/me.composer/rnc/vendor/raylin666/middleware/src/Dispatcher.php(87): Raylin666\Router\RouteMiddleware->handler(Object(Raylin666\Http\Request), Object(Raylin666\Middleware\Delegate))
#2 [internal function]: Raylin666\Middleware\Dispatcher->Raylin666\Middleware\{closure}(Object(Raylin666\Http\Request))
#3 /Users/linshan/Web/www/me.composer/rnc/vendor/raylin666/middleware/src/Delegate.php(47): call_user_func(Object(Closure), Object(Raylin666\Http\Request))
#4 /Users/linshan/Web/www/me.composer/rnc/vendor/raylin666/middleware/src/Dispatcher.php(66): Raylin666\Middleware\Delegate->process(Object(Raylin666\Http\Request))
#5 /Users/linshan/Web/www/me.composer/rnc/vendor/raylin666/routing/src/RouteDispatcher.php(148): Raylin666\Middleware\Dispatcher->dispatch(Object(Raylin666\Http\Request))
#6 /Users/linshan/Web/www/me.composer/rnc/vendor/raylin666/routing/src/RouteDispatcher.php(106): Raylin666\Router\RouteDispatcher->callMiddleware(Object(Raylin666\Router\Route), Object(Raylin666\Http\Request))
#7 /Users/linshan/Web/www/me.composer/framework/src/Application.php(247): Raylin666\Router\RouteDispatcher->dispatch(Object(Raylin666\Http\Request))
#8 /Users/linshan/Web/www/me.composer/rnc/app/EventCallback/OnRequest.php(32): Raylin666\Framework\Application->handlerRequest(Object(Raylin666\Http\Request))
#9 /Users/linshan/Web/www/me.composer/rnc/vendor/raylin666/server/src/Callbacks/Callback.php(61): App\EventCallback\OnRequest->OnRequest(Object(Swoole\Http\Request), Object(Swoole\Http\Response))
#10 [internal function]: Raylin666\Server\Callbacks\Callback->Raylin666\Server\Callbacks\{closure}(Object(Swoole\Http\Request), Object(Swoole\Http\Response))
#11 /Users/linshan/Web/www/me.composer/rnc/vendor/raylin666/server/src/Server.php(287): call_user_func(Object(Closure), Object(Swoole\Http\Request), Object(Swoole\Http\Response))
#12 {main} {"message":"TypeError: Return value of Raylin666\\Router\\Route::getCallback() must be an instance of Closure or null, string returned in /Users/linshan/Web/www/me.composer/rnc/vendor/raylin666/routing/src/Route.php:90
Stack trace:
#0 /Users/linshan/Web/www/me.composer/rnc/vendor/raylin666/routing/src/RouteMiddleware.php(48): Raylin666\\Router\\Route->getCallback()
#1 /Users/linshan/Web/www/me.composer/rnc/vendor/raylin666/middleware/src/Dispatcher.php(87): Raylin666\\Router\\RouteMiddleware->handler(Object(Raylin666\\Http\\Request), Object(Raylin666\\Middleware\\Delegate))
#2 [internal function]: Raylin666\\Middleware\\Dispatcher->Raylin666\\Middleware\\{closure}(Object(Raylin666\\Http\\Request))
#3 /Users/linshan/Web/www/me.composer/rnc/vendor/raylin666/middleware/src/Delegate.php(47): call_user_func(Object(Closure), Object(Raylin666\\Http\\Request))
#4 /Users/linshan/Web/www/me.composer/rnc/vendor/raylin666/middleware/src/Dispatcher.php(66): Raylin666\\Middleware\\Delegate->process(Object(Raylin666\\Http\\Request))
#5 /Users/linshan/Web/www/me.composer/rnc/vendor/raylin666/routing/src/RouteDispatcher.php(148): Raylin666\\Middleware\\Dispatcher->dispatch(Object(Raylin666\\Http\\Request))
#6 /Users/linshan/Web/www/me.composer/rnc/vendor/raylin666/routing/src/RouteDispatcher.php(106): Raylin666\\Router\\RouteDispatcher->callMiddleware(Object(Raylin666\\Router\\Route), Object(Raylin666\\Http\\Request))
#7 /Users/linshan/Web/www/me.composer/framework/src/Application.php(247): Raylin666\\Router\\RouteDispatcher->dispatch(Object(Raylin666\\Http\\Request))
#8 /Users/linshan/Web/www/me.composer/rnc/app/EventCallback/OnRequest.php(32): Raylin666\\Framework\\Application->handlerRequest(Object(Raylin666\\Http\\Request))
#9 /Users/linshan/Web/www/me.composer/rnc/vendor/raylin666/server/src/Callbacks/Callback.php(61): App\\EventCallback\\OnRequest->OnRequest(Object(Swoole\\Http\\Request), Object(Swoole\\Http\\Response))
#10 [internal function]: Raylin666\\Server\\Callbacks\\Callback->Raylin666\\Server\\Callbacks\\{closure}(Object(Swoole\\Http\\Request), Object(Swoole\\Http\\Response))
#11 /Users/linshan/Web/www/me.composer/rnc/vendor/raylin666/server/src/Server.php(287): call_user_func(Object(Closure), Object(Swoole\\Http\\Request), Object(Swoole\\Http\\Response))
#12 {main}","code":0,"file":"/Users/linshan/Web/www/me.composer/framework/src/Application.php","line":255,"trace":["#0 /Users/linshan/Web/www/me.composer/rnc/app/EventCallback/OnRequest.php(32): Raylin666\\Framework\\Application->handlerRequest(Object(Raylin666\\Http\\Request))","#1 /Users/linshan/Web/www/me.composer/rnc/vendor/raylin666/server/src/Callbacks/Callback.php(61): App\\EventCallback\\OnRequest->OnRequest(Object(Swoole\\Http\\Request), Object(Swoole\\Http\\Response))","#2 [internal function]: Raylin666\\Server\\Callbacks\\Callback->Raylin666\\Server\\Callbacks\\{closure}(Object(Swoole\\Http\\Request), Object(Swoole\\Http\\Response))","#3 /Users/linshan/Web/www/me.composer/rnc/vendor/raylin666/server/src/Server.php(287): call_user_func(Object(Closure), Object(Swoole\\Http\\Request), Object(Swoole\\Http\\Response))","#4 {main}"]} []
[2021-07-18CST13:25:36.075948+00:00] default.ERROR: TypeError: Return value of Raylin666\Router\Route::getCallback() must be an instance of Closure or null, string returned in /Users/linshan/Web/www/me.composer/rnc/vendor/raylin666/routing/src/Route.php:90
Stack trace:
#0 /Users/linshan/Web/www/me.composer/rnc/vendor/raylin666/routing/src/RouteMiddleware.php(48): Raylin666\Router\Route->getCallback()
#1 /Users/linshan/Web/www/me.composer/rnc/vendor/raylin666/middleware/src/Dispatcher.php(87): Raylin666\Router\RouteMiddleware->handler(Object(Raylin666\Http\Request), Object(Raylin666\Middleware\Delegate))
#2 [internal function]: Raylin666\Middleware\Dispatcher->Raylin666\Middleware\{closure}(Object(Raylin666\Http\Request))
#3 /Users/linshan/Web/www/me.composer/rnc/vendor/raylin666/middleware/src/Delegate.php(47): call_user_func(Object(Closure), Object(Raylin666\Http\Request))
#4 /Users/linshan/Web/www/me.composer/rnc/vendor/raylin666/middleware/src/Dispatcher.php(66): Raylin666\Middleware\Delegate->process(Object(Raylin666\Http\Request))
#5 /Users/linshan/Web/www/me.composer/rnc/vendor/raylin666/routing/src/RouteDispatcher.php(148): Raylin666\Middleware\Dispatcher->dispatch(Object(Raylin666\Http\Request))
#6 /Users/linshan/Web/www/me.composer/rnc/vendor/raylin666/routing/src/RouteDispatcher.php(106): Raylin666\Router\RouteDispatcher->callMiddleware(Object(Raylin666\Router\Route), Object(Raylin666\Http\Request))
#7 /Users/linshan/Web/www/me.composer/framework/src/Application.php(247): Raylin666\Router\RouteDispatcher->dispatch(Object(Raylin666\Http\Request))
#8 /Users/linshan/Web/www/me.composer/rnc/app/EventCallback/OnRequest.php(32): Raylin666\Framework\Application->handlerRequest(Object(Raylin666\Http\Request))
#9 /Users/linshan/Web/www/me.composer/rnc/vendor/raylin666/server/src/Callbacks/Callback.php(61): App\EventCallback\OnRequest->OnRequest(Object(Swoole\Http\Request), Object(Swoole\Http\Response))
#10 [internal function]: Raylin666\Server\Callbacks\Callback->Raylin666\Server\Callbacks\{closure}(Object(Swoole\Http\Request), Object(Swoole\Http\Response))
#11 /Users/linshan/Web/www/me.composer/rnc/vendor/raylin666/server/src/Server.php(287): call_user_func(Object(Closure), Object(Swoole\Http\Request), Object(Swoole\Http\Response))
#12 {main} {"message":"TypeError: Return value of Raylin666\\Router\\Route::getCallback() must be an instance of Closure or null, string returned in /Users/linshan/Web/www/me.composer/rnc/vendor/raylin666/routing/src/Route.php:90
Stack trace:
#0 /Users/linshan/Web/www/me.composer/rnc/vendor/raylin666/routing/src/RouteMiddleware.php(48): Raylin666\\Router\\Route->getCallback()
#1 /Users/linshan/Web/www/me.composer/rnc/vendor/raylin666/middleware/src/Dispatcher.php(87): Raylin666\\Router\\RouteMiddleware->handler(Object(Raylin666\\Http\\Request), Object(Raylin666\\Middleware\\Delegate))
#2 [internal function]: Raylin666\\Middleware\\Dispatcher->Raylin666\\Middleware\\{closure}(Object(Raylin666\\Http\\Request))
#3 /Users/linshan/Web/www/me.composer/rnc/vendor/raylin666/middleware/src/Delegate.php(47): call_user_func(Object(Closure), Object(Raylin666\\Http\\Request))
#4 /Users/linshan/Web/www/me.composer/rnc/vendor/raylin666/middleware/src/Dispatcher.php(66): Raylin666\\Middleware\\Delegate->process(Object(Raylin666\\Http\\Request))
#5 /Users/linshan/Web/www/me.composer/rnc/vendor/raylin666/routing/src/RouteDispatcher.php(148): Raylin666\\Middleware\\Dispatcher->dispatch(Object(Raylin666\\Http\\Request))
#6 /Users/linshan/Web/www/me.composer/rnc/vendor/raylin666/routing/src/RouteDispatcher.php(106): Raylin666\\Router\\RouteDispatcher->callMiddleware(Object(Raylin666\\Router\\Route), Object(Raylin666\\Http\\Request))
#7 /Users/linshan/Web/www/me.composer/framework/src/Application.php(247): Raylin666\\Router\\RouteDispatcher->dispatch(Object(Raylin666\\Http\\Request))
#8 /Users/linshan/Web/www/me.composer/rnc/app/EventCallback/OnRequest.php(32): Raylin666\\Framework\\Application->handlerRequest(Object(Raylin666\\Http\\Request))
#9 /Users/linshan/Web/www/me.composer/rnc/vendor/raylin666/server/src/Callbacks/Callback.php(61): App\\EventCallback\\OnRequest->OnRequest(Object(Swoole\\Http\\Request), Object(Swoole\\Http\\Response))
#10 [internal function]: Raylin666\\Server\\Callbacks\\Callback->Raylin666\\Server\\Callbacks\\{closure}(Object(Swoole\\Http\\Request), Object(Swoole\\Http\\Response))
#11 /Users/linshan/Web/www/me.composer/rnc/vendor/raylin666/server/src/Server.php(287): call_user_func(Object(Closure), Object(Swoole\\Http\\Request), Object(Swoole\\Http\\Response))
#12 {main}","code":0,"file":"/Users/linshan/Web/www/me.composer/framework/src/Application.php","line":255,"trace":["#0 /Users/linshan/Web/www/me.composer/rnc/app/EventCallback/OnRequest.php(32): Raylin666\\Framework\\Application->handlerRequest(Object(Raylin666\\Http\\Request))","#1 /Users/linshan/Web/www/me.composer/rnc/vendor/raylin666/server/src/Callbacks/Callback.php(61): App\\EventCallback\\OnRequest->OnRequest(Object(Swoole\\Http\\Request), Object(Swoole\\Http\\Response))","#2 [internal function]: Raylin666\\Server\\Callbacks\\Callback->Raylin666\\Server\\Callbacks\\{closure}(Object(Swoole\\Http\\Request), Object(Swoole\\Http\\Response))","#3 /Users/linshan/Web/www/me.composer/rnc/vendor/raylin666/server/src/Server.php(287): call_user_func(Object(Closure), Object(Swoole\\Http\\Request), Object(Swoole\\Http\\Response))","#4 {main}"]} []
[2021-07-18CST13:25:58.921974+00:00] default.ERROR: TypeError: Return value of Raylin666\Router\Route::getCallback() must be an instance of Closure or null, string returned in /Users/linshan/Web/www/me.composer/rnc/vendor/raylin666/routing/src/Route.php:90
Stack trace:
#0 /Users/linshan/Web/www/me.composer/rnc/vendor/raylin666/routing/src/RouteMiddleware.php(48): Raylin666\Router\Route->getCallback()
#1 /Users/linshan/Web/www/me.composer/rnc/vendor/raylin666/middleware/src/Dispatcher.php(87): Raylin666\Router\RouteMiddleware->handler(Object(Raylin666\Http\Request), Object(Raylin666\Middleware\Delegate))
#2 [internal function]: Raylin666\Middleware\Dispatcher->Raylin666\Middleware\{closure}(Object(Raylin666\Http\Request))
#3 /Users/linshan/Web/www/me.composer/rnc/vendor/raylin666/middleware/src/Delegate.php(47): call_user_func(Object(Closure), Object(Raylin666\Http\Request))
#4 /Users/linshan/Web/www/me.composer/rnc/vendor/raylin666/middleware/src/Dispatcher.php(66): Raylin666\Middleware\Delegate->process(Object(Raylin666\Http\Request))
#5 /Users/linshan/Web/www/me.composer/rnc/vendor/raylin666/routing/src/RouteDispatcher.php(148): Raylin666\Middleware\Dispatcher->dispatch(Object(Raylin666\Http\Request))
#6 /Users/linshan/Web/www/me.composer/rnc/vendor/raylin666/routing/src/RouteDispatcher.php(106): Raylin666\Router\RouteDispatcher->callMiddleware(Object(Raylin666\Router\Route), Object(Raylin666\Http\Request))
#7 /Users/linshan/Web/www/me.composer/framework/src/Application.php(247): Raylin666\Router\RouteDispatcher->dispatch(Object(Raylin666\Http\Request))
#8 /Users/linshan/Web/www/me.composer/rnc/app/EventCallback/OnRequest.php(32): Raylin666\Framework\Application->handlerRequest(Object(Raylin666\Http\Request))
#9 /Users/linshan/Web/www/me.composer/rnc/vendor/raylin666/server/src/Callbacks/Callback.php(61): App\EventCallback\OnRequest->OnRequest(Object(Swoole\Http\Request), Object(Swoole\Http\Response))
#10 [internal function]: Raylin666\Server\Callbacks\Callback->Raylin666\Server\Callbacks\{closure}(Object(Swoole\Http\Request), Object(Swoole\Http\Response))
#11 /Users/linshan/Web/www/me.composer/rnc/vendor/raylin666/server/src/Server.php(287): call_user_func(Object(Closure), Object(Swoole\Http\Request), Object(Swoole\Http\Response))
#12 {main} {"message":"TypeError: Return value of Raylin666\\Router\\Route::getCallback() must be an instance of Closure or null, string returned in /Users/linshan/Web/www/me.composer/rnc/vendor/raylin666/routing/src/Route.php:90
Stack trace:
#0 /Users/linshan/Web/www/me.composer/rnc/vendor/raylin666/routing/src/RouteMiddleware.php(48): Raylin666\\Router\\Route->getCallback()
#1 /Users/linshan/Web/www/me.composer/rnc/vendor/raylin666/middleware/src/Dispatcher.php(87): Raylin666\\Router\\RouteMiddleware->handler(Object(Raylin666\\Http\\Request), Object(Raylin666\\Middleware\\Delegate))
#2 [internal function]: Raylin666\\Middleware\\Dispatcher->Raylin666\\Middleware\\{closure}(Object(Raylin666\\Http\\Request))
#3 /Users/linshan/Web/www/me.composer/rnc/vendor/raylin666/middleware/src/Delegate.php(47): call_user_func(Object(Closure), Object(Raylin666\\Http\\Request))
#4 /Users/linshan/Web/www/me.composer/rnc/vendor/raylin666/middleware/src/Dispatcher.php(66): Raylin666\\Middleware\\Delegate->process(Object(Raylin666\\Http\\Request))
#5 /Users/linshan/Web/www/me.composer/rnc/vendor/raylin666/routing/src/RouteDispatcher.php(148): Raylin666\\Middleware\\Dispatcher->dispatch(Object(Raylin666\\Http\\Request))
#6 /Users/linshan/Web/www/me.composer/rnc/vendor/raylin666/routing/src/RouteDispatcher.php(106): Raylin666\\Router\\RouteDispatcher->callMiddleware(Object(Raylin666\\Router\\Route), Object(Raylin666\\Http\\Request))
#7 /Users/linshan/Web/www/me.composer/framework/src/Application.php(247): Raylin666\\Router\\RouteDispatcher->dispatch(Object(Raylin666\\Http\\Request))
#8 /Users/linshan/Web/www/me.composer/rnc/app/EventCallback/OnRequest.php(32): Raylin666\\Framework\\Application->handlerRequest(Object(Raylin666\\Http\\Request))
#9 /Users/linshan/Web/www/me.composer/rnc/vendor/raylin666/server/src/Callbacks/Callback.php(61): App\\EventCallback\\OnRequest->OnRequest(Object(Swoole\\Http\\Request), Object(Swoole\\Http\\Response))
#10 [internal function]: Raylin666\\Server\\Callbacks\\Callback->Raylin666\\Server\\Callbacks\\{closure}(Object(Swoole\\Http\\Request), Object(Swoole\\Http\\Response))
#11 /Users/linshan/Web/www/me.composer/rnc/vendor/raylin666/server/src/Server.php(287): call_user_func(Object(Closure), Object(Swoole\\Http\\Request), Object(Swoole\\Http\\Response))
#12 {main}","code":0,"file":"/Users/linshan/Web/www/me.composer/framework/src/Application.php","line":255,"trace":["#0 /Users/linshan/Web/www/me.composer/rnc/app/EventCallback/OnRequest.php(32): Raylin666\\Framework\\Application->handlerRequest(Object(Raylin666\\Http\\Request))","#1 /Users/linshan/Web/www/me.composer/rnc/vendor/raylin666/server/src/Callbacks/Callback.php(61): App\\EventCallback\\OnRequest->OnRequest(Object(Swoole\\Http\\Request), Object(Swoole\\Http\\Response))","#2 [internal function]: Raylin666\\Server\\Callbacks\\Callback->Raylin666\\Server\\Callbacks\\{closure}(Object(Swoole\\Http\\Request), Object(Swoole\\Http\\Response))","#3 /Users/linshan/Web/www/me.composer/rnc/vendor/raylin666/server/src/Server.php(287): call_user_func(Object(Closure), Object(Swoole\\Http\\Request), Object(Swoole\\Http\\Response))","#4 {main}"]} []
[2021-07-18CST13:25:58.921974+00:00] default.ERROR: TypeError: Return value of Raylin666\Router\Route::getCallback() must be an instance of Closure or null, string returned in /Users/linshan/Web/www/me.composer/rnc/vendor/raylin666/routing/src/Route.php:90
Stack trace:
#0 /Users/linshan/Web/www/me.composer/rnc/vendor/raylin666/routing/src/RouteMiddleware.php(48): Raylin666\Router\Route->getCallback()
#1 /Users/linshan/Web/www/me.composer/rnc/vendor/raylin666/middleware/src/Dispatcher.php(87): Raylin666\Router\RouteMiddleware->handler(Object(Raylin666\Http\Request), Object(Raylin666\Middleware\Delegate))
#2 [internal function]: Raylin666\Middleware\Dispatcher->Raylin666\Middleware\{closure}(Object(Raylin666\Http\Request))
#3 /Users/linshan/Web/www/me.composer/rnc/vendor/raylin666/middleware/src/Delegate.php(47): call_user_func(Object(Closure), Object(Raylin666\Http\Request))
#4 /Users/linshan/Web/www/me.composer/rnc/vendor/raylin666/middleware/src/Dispatcher.php(66): Raylin666\Middleware\Delegate->process(Object(Raylin666\Http\Request))
#5 /Users/linshan/Web/www/me.composer/rnc/vendor/raylin666/routing/src/RouteDispatcher.php(148): Raylin666\Middleware\Dispatcher->dispatch(Object(Raylin666\Http\Request))
#6 /Users/linshan/Web/www/me.composer/rnc/vendor/raylin666/routing/src/RouteDispatcher.php(106): Raylin666\Router\RouteDispatcher->callMiddleware(Object(Raylin666\Router\Route), Object(Raylin666\Http\Request))
#7 /Users/linshan/Web/www/me.composer/framework/src/Application.php(247): Raylin666\Router\RouteDispatcher->dispatch(Object(Raylin666\Http\Request))
#8 /Users/linshan/Web/www/me.composer/rnc/app/EventCallback/OnRequest.php(32): Raylin666\Framework\Application->handlerRequest(Object(Raylin666\Http\Request))
#9 /Users/linshan/Web/www/me.composer/rnc/vendor/raylin666/server/src/Callbacks/Callback.php(61): App\EventCallback\OnRequest->OnRequest(Object(Swoole\Http\Request), Object(Swoole\Http\Response))
#10 [internal function]: Raylin666\Server\Callbacks\Callback->Raylin666\Server\Callbacks\{closure}(Object(Swoole\Http\Request), Object(Swoole\Http\Response))
#11 /Users/linshan/Web/www/me.composer/rnc/vendor/raylin666/server/src/Server.php(287): call_user_func(Object(Closure), Object(Swoole\Http\Request), Object(Swoole\Http\Response))
#12 {main} {"message":"TypeError: Return value of Raylin666\\Router\\Route::getCallback() must be an instance of Closure or null, string returned in /Users/linshan/Web/www/me.composer/rnc/vendor/raylin666/routing/src/Route.php:90
Stack trace:
#0 /Users/linshan/Web/www/me.composer/rnc/vendor/raylin666/routing/src/RouteMiddleware.php(48): Raylin666\\Router\\Route->getCallback()
#1 /Users/linshan/Web/www/me.composer/rnc/vendor/raylin666/middleware/src/Dispatcher.php(87): Raylin666\\Router\\RouteMiddleware->handler(Object(Raylin666\\Http\\Request), Object(Raylin666\\Middleware\\Delegate))
#2 [internal function]: Raylin666\\Middleware\\Dispatcher->Raylin666\\Middleware\\{closure}(Object(Raylin666\\Http\\Request))
#3 /Users/linshan/Web/www/me.composer/rnc/vendor/raylin666/middleware/src/Delegate.php(47): call_user_func(Object(Closure), Object(Raylin666\\Http\\Request))
#4 /Users/linshan/Web/www/me.composer/rnc/vendor/raylin666/middleware/src/Dispatcher.php(66): Raylin666\\Middleware\\Delegate->process(Object(Raylin666\\Http\\Request))
#5 /Users/linshan/Web/www/me.composer/rnc/vendor/raylin666/routing/src/RouteDispatcher.php(148): Raylin666\\Middleware\\Dispatcher->dispatch(Object(Raylin666\\Http\\Request))
#6 /Users/linshan/Web/www/me.composer/rnc/vendor/raylin666/routing/src/RouteDispatcher.php(106): Raylin666\\Router\\RouteDispatcher->callMiddleware(Object(Raylin666\\Router\\Route), Object(Raylin666\\Http\\Request))
#7 /Users/linshan/Web/www/me.composer/framework/src/Application.php(247): Raylin666\\Router\\RouteDispatcher->dispatch(Object(Raylin666\\Http\\Request))
#8 /Users/linshan/Web/www/me.composer/rnc/app/EventCallback/OnRequest.php(32): Raylin666\\Framework\\Application->handlerRequest(Object(Raylin666\\Http\\Request))
#9 /Users/linshan/Web/www/me.composer/rnc/vendor/raylin666/server/src/Callbacks/Callback.php(61): App\\EventCallback\\OnRequest->OnRequest(Object(Swoole\\Http\\Request), Object(Swoole\\Http\\Response))
#10 [internal function]: Raylin666\\Server\\Callbacks\\Callback->Raylin666\\Server\\Callbacks\\{closure}(Object(Swoole\\Http\\Request), Object(Swoole\\Http\\Response))
#11 /Users/linshan/Web/www/me.composer/rnc/vendor/raylin666/server/src/Server.php(287): call_user_func(Object(Closure), Object(Swoole\\Http\\Request), Object(Swoole\\Http\\Response))
#12 {main}","code":0,"file":"/Users/linshan/Web/www/me.composer/framework/src/Application.php","line":255,"trace":["#0 /Users/linshan/Web/www/me.composer/rnc/app/EventCallback/OnRequest.php(32): Raylin666\\Framework\\Application->handlerRequest(Object(Raylin666\\Http\\Request))","#1 /Users/linshan/Web/www/me.composer/rnc/vendor/raylin666/server/src/Callbacks/Callback.php(61): App\\EventCallback\\OnRequest->OnRequest(Object(Swoole\\Http\\Request), Object(Swoole\\Http\\Response))","#2 [internal function]: Raylin666\\Server\\Callbacks\\Callback->Raylin666\\Server\\Callbacks\\{closure}(Object(Swoole\\Http\\Request), Object(Swoole\\Http\\Response))","#3 /Users/linshan/Web/www/me.composer/rnc/vendor/raylin666/server/src/Server.php(287): call_user_func(Object(Closure), Object(Swoole\\Http\\Request), Object(Swoole\\Http\\Response))","#4 {main}"]} []
[2021-07-18CST13:26:48.664547+00:00] default.ERROR: TypeError: Return value of Raylin666\Router\Route::getCallback() must be an instance of Closure or null, string returned in /Users/linshan/Web/www/me.composer/rnc/vendor/raylin666/routing/src/Route.php:90
Stack trace:
#0 /Users/linshan/Web/www/me.composer/rnc/vendor/raylin666/routing/src/RouteMiddleware.php(48): Raylin666\Router\Route->getCallback()
#1 /Users/linshan/Web/www/me.composer/rnc/vendor/raylin666/middleware/src/Dispatcher.php(87): Raylin666\Router\RouteMiddleware->handler(Object(Raylin666\Http\Request), Object(Raylin666\Middleware\Delegate))
#2 [internal function]: Raylin666\Middleware\Dispatcher->Raylin666\Middleware\{closure}(Object(Raylin666\Http\Request))
#3 /Users/linshan/Web/www/me.composer/rnc/vendor/raylin666/middleware/src/Delegate.php(47): call_user_func(Object(Closure), Object(Raylin666\Http\Request))
#4 /Users/linshan/Web/www/me.composer/rnc/vendor/raylin666/middleware/src/Dispatcher.php(66): Raylin666\Middleware\Delegate->process(Object(Raylin666\Http\Request))
#5 /Users/linshan/Web/www/me.composer/rnc/vendor/raylin666/routing/src/RouteDispatcher.php(148): Raylin666\Middleware\Dispatcher->dispatch(Object(Raylin666\Http\Request))
#6 /Users/linshan/Web/www/me.composer/rnc/vendor/raylin666/routing/src/RouteDispatcher.php(106): Raylin666\Router\RouteDispatcher->callMiddleware(Object(Raylin666\Router\Route), Object(Raylin666\Http\Request))
#7 /Users/linshan/Web/www/me.composer/framework/src/Application.php(247): Raylin666\Router\RouteDispatcher->dispatch(Object(Raylin666\Http\Request))
#8 /Users/linshan/Web/www/me.composer/rnc/app/EventCallback/OnRequest.php(32): Raylin666\Framework\Application->handlerRequest(Object(Raylin666\Http\Request))
#9 /Users/linshan/Web/www/me.composer/rnc/vendor/raylin666/server/src/Callbacks/Callback.php(61): App\EventCallback\OnRequest->OnRequest(Object(Swoole\Http\Request), Object(Swoole\Http\Response))
#10 [internal function]: Raylin666\Server\Callbacks\Callback->Raylin666\Server\Callbacks\{closure}(Object(Swoole\Http\Request), Object(Swoole\Http\Response))
#11 /Users/linshan/Web/www/me.composer/rnc/vendor/raylin666/server/src/Server.php(287): call_user_func(Object(Closure), Object(Swoole\Http\Request), Object(Swoole\Http\Response))
#12 {main} {"message":"TypeError: Return value of Raylin666\\Router\\Route::getCallback() must be an instance of Closure or null, string returned in /Users/linshan/Web/www/me.composer/rnc/vendor/raylin666/routing/src/Route.php:90
Stack trace:
#0 /Users/linshan/Web/www/me.composer/rnc/vendor/raylin666/routing/src/RouteMiddleware.php(48): Raylin666\\Router\\Route->getCallback()
#1 /Users/linshan/Web/www/me.composer/rnc/vendor/raylin666/middleware/src/Dispatcher.php(87): Raylin666\\Router\\RouteMiddleware->handler(Object(Raylin666\\Http\\Request), Object(Raylin666\\Middleware\\Delegate))
#2 [internal function]: Raylin666\\Middleware\\Dispatcher->Raylin666\\Middleware\\{closure}(Object(Raylin666\\Http\\Request))
#3 /Users/linshan/Web/www/me.composer/rnc/vendor/raylin666/middleware/src/Delegate.php(47): call_user_func(Object(Closure), Object(Raylin666\\Http\\Request))
#4 /Users/linshan/Web/www/me.composer/rnc/vendor/raylin666/middleware/src/Dispatcher.php(66): Raylin666\\Middleware\\Delegate->process(Object(Raylin666\\Http\\Request))
#5 /Users/linshan/Web/www/me.composer/rnc/vendor/raylin666/routing/src/RouteDispatcher.php(148): Raylin666\\Middleware\\Dispatcher->dispatch(Object(Raylin666\\Http\\Request))
#6 /Users/linshan/Web/www/me.composer/rnc/vendor/raylin666/routing/src/RouteDispatcher.php(106): Raylin666\\Router\\RouteDispatcher->callMiddleware(Object(Raylin666\\Router\\Route), Object(Raylin666\\Http\\Request))
#7 /Users/linshan/Web/www/me.composer/framework/src/Application.php(247): Raylin666\\Router\\RouteDispatcher->dispatch(Object(Raylin666\\Http\\Request))
#8 /Users/linshan/Web/www/me.composer/rnc/app/EventCallback/OnRequest.php(32): Raylin666\\Framework\\Application->handlerRequest(Object(Raylin666\\Http\\Request))
#9 /Users/linshan/Web/www/me.composer/rnc/vendor/raylin666/server/src/Callbacks/Callback.php(61): App\\EventCallback\\OnRequest->OnRequest(Object(Swoole\\Http\\Request), Object(Swoole\\Http\\Response))
#10 [internal function]: Raylin666\\Server\\Callbacks\\Callback->Raylin666\\Server\\Callbacks\\{closure}(Object(Swoole\\Http\\Request), Object(Swoole\\Http\\Response))
#11 /Users/linshan/Web/www/me.composer/rnc/vendor/raylin666/server/src/Server.php(287): call_user_func(Object(Closure), Object(Swoole\\Http\\Request), Object(Swoole\\Http\\Response))
#12 {main}","code":0,"file":"/Users/linshan/Web/www/me.composer/framework/src/Application.php","line":255,"trace":["#0 /Users/linshan/Web/www/me.composer/rnc/app/EventCallback/OnRequest.php(32): Raylin666\\Framework\\Application->handlerRequest(Object(Raylin666\\Http\\Request))","#1 /Users/linshan/Web/www/me.composer/rnc/vendor/raylin666/server/src/Callbacks/Callback.php(61): App\\EventCallback\\OnRequest->OnRequest(Object(Swoole\\Http\\Request), Object(Swoole\\Http\\Response))","#2 [internal function]: Raylin666\\Server\\Callbacks\\Callback->Raylin666\\Server\\Callbacks\\{closure}(Object(Swoole\\Http\\Request), Object(Swoole\\Http\\Response))","#3 /Users/linshan/Web/www/me.composer/rnc/vendor/raylin666/server/src/Server.php(287): call_user_func(Object(Closure), Object(Swoole\\Http\\Request), Object(Swoole\\Http\\Response))","#4 {main}"]} []
[2021-07-18CST13:27:08.729819+00:00] default.ERROR: TypeError: Return value of Raylin666\Router\Route::getCallback() must be an instance of Closure or null, string returned in /Users/linshan/Web/www/me.composer/rnc/vendor/raylin666/routing/src/Route.php:90
Stack trace:
#0 /Users/linshan/Web/www/me.composer/rnc/vendor/raylin666/routing/src/RouteMiddleware.php(48): Raylin666\Router\Route->getCallback()
#1 /Users/linshan/Web/www/me.composer/rnc/vendor/raylin666/middleware/src/Dispatcher.php(87): Raylin666\Router\RouteMiddleware->handler(Object(Raylin666\Http\Request), Object(Raylin666\Middleware\Delegate))
#2 [internal function]: Raylin666\Middleware\Dispatcher->Raylin666\Middleware\{closure}(Object(Raylin666\Http\Request))
#3 /Users/linshan/Web/www/me.composer/rnc/vendor/raylin666/middleware/src/Delegate.php(47): call_user_func(Object(Closure), Object(Raylin666\Http\Request))
#4 /Users/linshan/Web/www/me.composer/rnc/vendor/raylin666/middleware/src/Dispatcher.php(66): Raylin666\Middleware\Delegate->process(Object(Raylin666\Http\Request))
#5 /Users/linshan/Web/www/me.composer/rnc/vendor/raylin666/routing/src/RouteDispatcher.php(148): Raylin666\Middleware\Dispatcher->dispatch(Object(Raylin666\Http\Request))
#6 /Users/linshan/Web/www/me.composer/rnc/vendor/raylin666/routing/src/RouteDispatcher.php(106): Raylin666\Router\RouteDispatcher->callMiddleware(Object(Raylin666\Router\Route), Object(Raylin666\Http\Request))
#7 /Users/linshan/Web/www/me.composer/framework/src/Application.php(247): Raylin666\Router\RouteDispatcher->dispatch(Object(Raylin666\Http\Request))
#8 /Users/linshan/Web/www/me.composer/rnc/app/EventCallback/OnRequest.php(32): Raylin666\Framework\Application->handlerRequest(Object(Raylin666\Http\Request))
#9 /Users/linshan/Web/www/me.composer/rnc/vendor/raylin666/server/src/Callbacks/Callback.php(61): App\EventCallback\OnRequest->OnRequest(Object(Swoole\Http\Request), Object(Swoole\Http\Response))
#10 [internal function]: Raylin666\Server\Callbacks\Callback->Raylin666\Server\Callbacks\{closure}(Object(Swoole\Http\Request), Object(Swoole\Http\Response))
#11 /Users/linshan/Web/www/me.composer/rnc/vendor/raylin666/server/src/Server.php(287): call_user_func(Object(Closure), Object(Swoole\Http\Request), Object(Swoole\Http\Response))
#12 {main} {"message":"TypeError: Return value of Raylin666\\Router\\Route::getCallback() must be an instance of Closure or null, string returned in /Users/linshan/Web/www/me.composer/rnc/vendor/raylin666/routing/src/Route.php:90
Stack trace:
#0 /Users/linshan/Web/www/me.composer/rnc/vendor/raylin666/routing/src/RouteMiddleware.php(48): Raylin666\\Router\\Route->getCallback()
#1 /Users/linshan/Web/www/me.composer/rnc/vendor/raylin666/middleware/src/Dispatcher.php(87): Raylin666\\Router\\RouteMiddleware->handler(Object(Raylin666\\Http\\Request), Object(Raylin666\\Middleware\\Delegate))
#2 [internal function]: Raylin666\\Middleware\\Dispatcher->Raylin666\\Middleware\\{closure}(Object(Raylin666\\Http\\Request))
#3 /Users/linshan/Web/www/me.composer/rnc/vendor/raylin666/middleware/src/Delegate.php(47): call_user_func(Object(Closure), Object(Raylin666\\Http\\Request))
#4 /Users/linshan/Web/www/me.composer/rnc/vendor/raylin666/middleware/src/Dispatcher.php(66): Raylin666\\Middleware\\Delegate->process(Object(Raylin666\\Http\\Request))
#5 /Users/linshan/Web/www/me.composer/rnc/vendor/raylin666/routing/src/RouteDispatcher.php(148): Raylin666\\Middleware\\Dispatcher->dispatch(Object(Raylin666\\Http\\Request))
#6 /Users/linshan/Web/www/me.composer/rnc/vendor/raylin666/routing/src/RouteDispatcher.php(106): Raylin666\\Router\\RouteDispatcher->callMiddleware(Object(Raylin666\\Router\\Route), Object(Raylin666\\Http\\Request))
#7 /Users/linshan/Web/www/me.composer/framework/src/Application.php(247): Raylin666\\Router\\RouteDispatcher->dispatch(Object(Raylin666\\Http\\Request))
#8 /Users/linshan/Web/www/me.composer/rnc/app/EventCallback/OnRequest.php(32): Raylin666\\Framework\\Application->handlerRequest(Object(Raylin666\\Http\\Request))
#9 /Users/linshan/Web/www/me.composer/rnc/vendor/raylin666/server/src/Callbacks/Callback.php(61): App\\EventCallback\\OnRequest->OnRequest(Object(Swoole\\Http\\Request), Object(Swoole\\Http\\Response))
#10 [internal function]: Raylin666\\Server\\Callbacks\\Callback->Raylin666\\Server\\Callbacks\\{closure}(Object(Swoole\\Http\\Request), Object(Swoole\\Http\\Response))
#11 /Users/linshan/Web/www/me.composer/rnc/vendor/raylin666/server/src/Server.php(287): call_user_func(Object(Closure), Object(Swoole\\Http\\Request), Object(Swoole\\Http\\Response))
#12 {main}","code":0,"file":"/Users/linshan/Web/www/me.composer/framework/src/Application.php","line":255,"trace":["#0 /Users/linshan/Web/www/me.composer/rnc/app/EventCallback/OnRequest.php(32): Raylin666\\Framework\\Application->handlerRequest(Object(Raylin666\\Http\\Request))","#1 /Users/linshan/Web/www/me.composer/rnc/vendor/raylin666/server/src/Callbacks/Callback.php(61): App\\EventCallback\\OnRequest->OnRequest(Object(Swoole\\Http\\Request), Object(Swoole\\Http\\Response))","#2 [internal function]: Raylin666\\Server\\Callbacks\\Callback->Raylin666\\Server\\Callbacks\\{closure}(Object(Swoole\\Http\\Request), Object(Swoole\\Http\\Response))","#3 /Users/linshan/Web/www/me.composer/rnc/vendor/raylin666/server/src/Server.php(287): call_user_func(Object(Closure), Object(Swoole\\Http\\Request), Object(Swoole\\Http\\Response))","#4 {main}"]} []
[2021-07-18CST13:28:24.717485+00:00] default.ERROR: swoole exit {"message":"swoole exit","code":0,"file":"/Users/linshan/Web/www/me.composer/rnc/vendor/raylin666/routing/src/Route.php","line":89,"trace":["#0 /Users/linshan/Web/www/me.composer/rnc/vendor/raylin666/routing/src/RouteMiddleware.php(48): Raylin666\\Router\\Route->getCallback()","#1 /Users/linshan/Web/www/me.composer/rnc/vendor/raylin666/middleware/src/Dispatcher.php(87): Raylin666\\Router\\RouteMiddleware->handler(Object(Raylin666\\Http\\Request), Object(Raylin666\\Middleware\\Delegate))","#2 [internal function]: Raylin666\\Middleware\\Dispatcher->Raylin666\\Middleware\\{closure}(Object(Raylin666\\Http\\Request))","#3 /Users/linshan/Web/www/me.composer/rnc/vendor/raylin666/middleware/src/Delegate.php(47): call_user_func(Object(Closure), Object(Raylin666\\Http\\Request))","#4 /Users/linshan/Web/www/me.composer/rnc/vendor/raylin666/middleware/src/Dispatcher.php(66): Raylin666\\Middleware\\Delegate->process(Object(Raylin666\\Http\\Request))","#5 /Users/linshan/Web/www/me.composer/rnc/vendor/raylin666/routing/src/RouteDispatcher.php(148): Raylin666\\Middleware\\Dispatcher->dispatch(Object(Raylin666\\Http\\Request))","#6 /Users/linshan/Web/www/me.composer/rnc/vendor/raylin666/routing/src/RouteDispatcher.php(106): Raylin666\\Router\\RouteDispatcher->callMiddleware(Object(Raylin666\\Router\\Route), Object(Raylin666\\Http\\Request))","#7 /Users/linshan/Web/www/me.composer/framework/src/Application.php(247): Raylin666\\Router\\RouteDispatcher->dispatch(Object(Raylin666\\Http\\Request))","#8 /Users/linshan/Web/www/me.composer/rnc/app/EventCallback/OnRequest.php(32): Raylin666\\Framework\\Application->handlerRequest(Object(Raylin666\\Http\\Request))","#9 /Users/linshan/Web/www/me.composer/rnc/vendor/raylin666/server/src/Callbacks/Callback.php(61): App\\EventCallback\\OnRequest->OnRequest(Object(Swoole\\Http\\Request), Object(Swoole\\Http\\Response))","#10 [internal function]: Raylin666\\Server\\Callbacks\\Callback->Raylin666\\Server\\Callbacks\\{closure}(Object(Swoole\\Http\\Request), Object(Swoole\\Http\\Response))","#11 /Users/linshan/Web/www/me.composer/rnc/vendor/raylin666/server/src/Server.php(287): call_user_func(Object(Closure), Object(Swoole\\Http\\Request), Object(Swoole\\Http\\Response))","#12 {main}"]} []
[2021-07-18CST13:28:48.031864+00:00] default.ERROR: Psr\Http\Message\RequestInterface {"message":"Psr\\Http\\Message\\RequestInterface","code":0,"file":"/Users/linshan/Web/www/me.composer/rnc/vendor/raylin666/container/src/Container.php","line":162,"trace":["#0 /Users/linshan/Web/www/me.composer/framework/helpers.php(88): Raylin666\\Container\\Container->get('Psr\\\\Http\\\\Messag...')","#1 /Users/linshan/Web/www/me.composer/framework/src/Http/Controller.php(46): request()","#2 /Users/linshan/Web/www/me.composer/rnc/vendor/raylin666/routing/src/RouteMiddleware.php(55): Raylin666\\Framework\\Http\\Controller->__construct()","#3 /Users/linshan/Web/www/me.composer/rnc/vendor/raylin666/middleware/src/Dispatcher.php(87): Raylin666\\Router\\RouteMiddleware->handler(Object(Raylin666\\Http\\Request), Object(Raylin666\\Middleware\\Delegate))","#4 [internal function]: Raylin666\\Middleware\\Dispatcher->Raylin666\\Middleware\\{closure}(Object(Raylin666\\Http\\Request))","#5 /Users/linshan/Web/www/me.composer/rnc/vendor/raylin666/middleware/src/Delegate.php(47): call_user_func(Object(Closure), Object(Raylin666\\Http\\Request))","#6 /Users/linshan/Web/www/me.composer/rnc/vendor/raylin666/middleware/src/Dispatcher.php(66): Raylin666\\Middleware\\Delegate->process(Object(Raylin666\\Http\\Request))","#7 /Users/linshan/Web/www/me.composer/rnc/vendor/raylin666/routing/src/RouteDispatcher.php(148): Raylin666\\Middleware\\Dispatcher->dispatch(Object(Raylin666\\Http\\Request))","#8 /Users/linshan/Web/www/me.composer/rnc/vendor/raylin666/routing/src/RouteDispatcher.php(106): Raylin666\\Router\\RouteDispatcher->callMiddleware(Object(Raylin666\\Router\\Route), Object(Raylin666\\Http\\Request))","#9 /Users/linshan/Web/www/me.composer/framework/src/Application.php(247): Raylin666\\Router\\RouteDispatcher->dispatch(Object(Raylin666\\Http\\Request))","#10 /Users/linshan/Web/www/me.composer/rnc/app/EventCallback/OnRequest.php(32): Raylin666\\Framework\\Application->handlerRequest(Object(Raylin666\\Http\\Request))","#11 /Users/linshan/Web/www/me.composer/rnc/vendor/raylin666/server/src/Callbacks/Callback.php(61): App\\EventCallback\\OnRequest->OnRequest(Object(Swoole\\Http\\Request), Object(Swoole\\Http\\Response))","#12 [internal function]: Raylin666\\Server\\Callbacks\\Callback->Raylin666\\Server\\Callbacks\\{closure}(Object(Swoole\\Http\\Request), Object(Swoole\\Http\\Response))","#13 /Users/linshan/Web/www/me.composer/rnc/vendor/raylin666/server/src/Server.php(287): call_user_func(Object(Closure), Object(Swoole\\Http\\Request), Object(Swoole\\Http\\Response))","#14 {main}"]} []
